<?xml version="1.0" encoding="UTF-8"?>
<testsuite name="com.marathon.board.BoardApplicationTests" tests="1" skipped="0" failures="0" errors="0" timestamp="2023-07-23T05:02:24" hostname="Jeongui-MacBookPro.local" time="0.005">
  <properties/>
  <testcase name="contextLoads()" classname="com.marathon.board.BoardApplicationTests" time="0.005"/>
  <system-out><![CDATA[2023-07-23T14:02:19.095+09:00  INFO 4645 --- [    Test worker] t.c.s.AnnotationConfigContextLoaderUtils : Could not detect default configuration classes for test class [com.marathon.board.BoardApplicationTests]: BoardApplicationTests does not declare any static, non-private, non-final, nested classes annotated with @Configuration.
2023-07-23T14:02:19.111+09:00  INFO 4645 --- [    Test worker] .b.t.c.SpringBootTestContextBootstrapper : Found @SpringBootConfiguration com.marathon.board.BoardApplication for test class com.marathon.board.BoardApplicationTests

  .   ____          _            __ _ _
 /\\ / ___'_ __ _ _(_)_ __  __ _ \ \ \ \
( ( )\___ | '_ | '_| | '_ \/ _` | \ \ \ \
 \\/  ___)| |_)| | | | | || (_| |  ) ) ) )
  '  |____| .__|_| |_|_| |_\__, | / / / /
 =========|_|==============|___/=/_/_/_/
 :: Spring Boot ::                (v3.0.4)

2023-07-23T14:02:19.173+09:00  INFO 4645 --- [    Test worker] c.marathon.board.BoardApplicationTests   : Starting BoardApplicationTests using Java 17.0.6 with PID 4645 (started by jeonghokang in /Users/jeonghokang/IdeaProjects/marathon-project-board2)
2023-07-23T14:02:19.174+09:00  INFO 4645 --- [    Test worker] c.marathon.board.BoardApplicationTests   : No active profile set, falling back to 1 default profile: "default"
2023-07-23T14:02:19.803+09:00  INFO 4645 --- [    Test worker] .s.d.r.c.RepositoryConfigurationDelegate : Bootstrapping Spring Data JPA repositories in DEFAULT mode.
2023-07-23T14:02:19.865+09:00  INFO 4645 --- [    Test worker] .s.d.r.c.RepositoryConfigurationDelegate : Finished Spring Data repository scanning in 53 ms. Found 4 JPA repository interfaces.
2023-07-23T14:02:20.505+09:00  INFO 4645 --- [    Test worker] o.hibernate.jpa.internal.util.LogHelper  : HHH000204: Processing PersistenceUnitInfo [name: default]
2023-07-23T14:02:20.567+09:00  INFO 4645 --- [    Test worker] org.hibernate.Version                    : HHH000412: Hibernate ORM core version 6.1.7.Final
2023-07-23T14:02:20.770+09:00  INFO 4645 --- [    Test worker] com.zaxxer.hikari.HikariDataSource       : HikariPool-1 - Starting...
2023-07-23T14:02:20.967+09:00  INFO 4645 --- [    Test worker] com.zaxxer.hikari.pool.HikariPool        : HikariPool-1 - Added connection org.postgresql.jdbc.PgConnection@4a28b6d0
2023-07-23T14:02:20.970+09:00  INFO 4645 --- [    Test worker] com.zaxxer.hikari.HikariDataSource       : HikariPool-1 - Start completed.
2023-07-23T14:02:21.029+09:00  INFO 4645 --- [    Test worker] SQL dialect                              : HHH000400: Using dialect: org.hibernate.dialect.PostgreSQLDialect
Hibernate: 
    
    alter table if exists article 
       drop constraint if exists FK81hjxo20c0so6pxe8rjpjlhj4
Hibernate: 
    
    alter table if exists article_hashtag 
       drop constraint if exists FKe3ccvxb3rjbjyugsttrkpabma
Hibernate: 
    
    alter table if exists article_hashtag 
       drop constraint if exists FK4adimje6fx9kut67u6jd9c174
Hibernate: 
    
    alter table if exists article_comment 
       drop constraint if exists FKghmocqkgqs5tkmucf5putw64t
Hibernate: 
    
    alter table if exists article_comment 
       drop constraint if exists FK67dybe2dob8uvrr7fyicyb1no
Hibernate: 
    
    drop table if exists article cascade
Hibernate: 
    
    drop table if exists article_hashtag cascade
Hibernate: 
    
    drop table if exists article_comment cascade
Hibernate: 
    
    drop table if exists bible_candy cascade
Hibernate: 
    
    drop table if exists hashtag cascade
Hibernate: 
    
    drop table if exists user_account cascade
Hibernate: 
    
    create table article (
       id bigserial not null,
        created_at timestamp(6) not null,
        created_by varchar(100) not null,
        modified_at timestamp(6) not null,
        modified_by varchar(100) not null,
        content varchar(10000) not null,
        title varchar(255) not null,
        user_id varchar(50) not null,
        primary key (id)
    )
Hibernate: 
    
    create table article_hashtag (
       article_id bigint not null,
        hashtag_id bigint not null,
        primary key (article_id, hashtag_id)
    )
Hibernate: 
    
    create table article_comment (
       id bigserial not null,
        created_at timestamp(6) not null,
        created_by varchar(100) not null,
        modified_at timestamp(6) not null,
        modified_by varchar(100) not null,
        content varchar(500) not null,
        article_id bigint not null,
        user_id varchar(50) not null,
        primary key (id)
    )
Hibernate: 
    
    create table bible_candy (
       id bigserial not null,
        created_at timestamp(6) not null,
        created_by varchar(100) not null,
        modified_at timestamp(6) not null,
        modified_by varchar(100) not null,
        content varchar(255) not null,
        primary key (id)
    )
Hibernate: 
    
    create table hashtag (
       id bigserial not null,
        created_at timestamp(6) not null,
        created_by varchar(100) not null,
        modified_at timestamp(6) not null,
        modified_by varchar(100) not null,
        hashtag_name varchar(255) not null,
        primary key (id)
    )
Hibernate: 
    
    create table user_account (
       user_id varchar(50) not null,
        created_at timestamp(6) not null,
        created_by varchar(100) not null,
        modified_at timestamp(6) not null,
        modified_by varchar(100) not null,
        email varchar(100),
        memo varchar(255),
        nickname varchar(100),
        user_password varchar(255) not null,
        primary key (user_id)
    )
Hibernate: create index IDX571gx7oqo5xpmgocegaidlcu9 on article (title)
Hibernate: create index IDXrmt77yibijtk4sarremr67saa on article (created_at)
Hibernate: create index IDXjl4utii2etiocimt799wvtuvv on article (created_by)
Hibernate: create index IDXpieqqnljv147sefofs56h25qx on article_comment (content)
Hibernate: create index IDXh1jx107qecntcbcpc2vfb07ij on article_comment (created_at)
Hibernate: create index IDXc6pa61djuf2o8xnceyyvtdbaq on article_comment (created_by)
Hibernate: create index IDXqsw749049hk4qchgifri26i47 on hashtag (created_at)
Hibernate: create index IDX86k52tgc32cdprjluy33m0k2d on hashtag (created_by)
Hibernate: 
    
    alter table if exists hashtag 
       add constraint UKl5g14scs493ujoy0bh0slbp7a unique (hashtag_name)
Hibernate: create index IDXogja11wxoxigeh554wd4094xv on user_account (created_at)
Hibernate: create index IDX9twf822xbr2e0qcmnxueulgfw on user_account (created_by)
Hibernate: 
    
    alter table if exists user_account 
       add constraint UKhl02wv5hym99ys465woijmfib unique (email)
Hibernate: 
    
    alter table if exists article 
       add constraint FK81hjxo20c0so6pxe8rjpjlhj4 
       foreign key (user_id) 
       references user_account
Hibernate: 
    
    alter table if exists article_hashtag 
       add constraint FKe3ccvxb3rjbjyugsttrkpabma 
       foreign key (hashtag_id) 
       references hashtag
Hibernate: 
    
    alter table if exists article_hashtag 
       add constraint FK4adimje6fx9kut67u6jd9c174 
       foreign key (article_id) 
       references article
Hibernate: 
    
    alter table if exists article_comment 
       add constraint FKghmocqkgqs5tkmucf5putw64t 
       foreign key (article_id) 
       references article
Hibernate: 
    
    alter table if exists article_comment 
       add constraint FK67dybe2dob8uvrr7fyicyb1no 
       foreign key (user_id) 
       references user_account
2023-07-23T14:02:22.042+09:00  INFO 4645 --- [    Test worker] o.h.e.t.j.p.i.JtaPlatformInitiator       : HHH000490: Using JtaPlatform implementation: [org.hibernate.engine.transaction.jta.platform.internal.NoJtaPlatform]
2023-07-23T14:02:22.054+09:00  INFO 4645 --- [    Test worker] j.LocalContainerEntityManagerFactoryBean : Initialized JPA EntityManagerFactory for persistence unit 'default'
2023-07-23T14:02:23.236+09:00  INFO 4645 --- [    Test worker] o.s.b.a.w.s.WelcomePageHandlerMapping    : Adding welcome page template: index
2023-07-23T14:02:23.248+09:00 DEBUG 4645 --- [    Test worker] s.w.s.m.m.a.RequestMappingHandlerMapping : 13 mappings in 'requestMappingHandlerMapping'
2023-07-23T14:02:23.314+09:00 DEBUG 4645 --- [    Test worker] o.s.w.s.handler.SimpleUrlHandlerMapping  : Patterns [/webjars/**, /**, /api/explorer/**] in 'resourceHandlerMapping'
2023-07-23T14:02:23.593+09:00  INFO 4645 --- [    Test worker] o.s.b.a.e.web.EndpointLinksResolver      : Exposing 13 endpoint(s) beneath base path '/actuator'
2023-07-23T14:02:23.637+09:00  INFO 4645 --- [    Test worker] o.s.s.web.DefaultSecurityFilterChain     : Will secure any request with [org.springframework.security.web.session.DisableEncodeUrlFilter@55de1b68, org.springframework.security.web.context.request.async.WebAsyncManagerIntegrationFilter@2040722f, org.springframework.security.web.context.SecurityContextHolderFilter@6b2cbea, org.springframework.security.web.header.HeaderWriterFilter@4a1a9f57, org.springframework.security.web.csrf.CsrfFilter@33cbd883, org.springframework.security.web.authentication.logout.LogoutFilter@248ad8a1, org.springframework.security.web.authentication.UsernamePasswordAuthenticationFilter@fe32f34, org.springframework.security.web.authentication.ui.DefaultLoginPageGeneratingFilter@5fefb35c, org.springframework.security.web.authentication.ui.DefaultLogoutPageGeneratingFilter@cfec1ec, org.springframework.security.web.savedrequest.RequestCacheAwareFilter@6bd0047f, org.springframework.security.web.servletapi.SecurityContextHolderAwareRequestFilter@41116c0e, org.springframework.security.web.authentication.AnonymousAuthenticationFilter@1af2c5c8, org.springframework.security.web.access.ExceptionTranslationFilter@735b2605, org.springframework.security.web.access.intercept.AuthorizationFilter@62b9d56e]
2023-07-23T14:02:23.773+09:00 DEBUG 4645 --- [    Test worker] s.w.s.m.m.a.RequestMappingHandlerAdapter : ControllerAdvice beans: 0 @ModelAttribute, 0 @InitBinder, 1 RequestBodyAdvice, 1 ResponseBodyAdvice
2023-07-23T14:02:23.787+09:00 DEBUG 4645 --- [    Test worker] .m.m.a.ExceptionHandlerExceptionResolver : ControllerAdvice beans: 1 @ExceptionHandler, 1 ResponseBodyAdvice
2023-07-23T14:02:23.952+09:00  INFO 4645 --- [    Test worker] o.s.b.a.h2.H2ConsoleAutoConfiguration    : H2 console available at '/h2-console'. Database available at 'jdbc:postgresql://localhost:5432/board'
2023-07-23T14:02:24.147+09:00  INFO 4645 --- [    Test worker] c.marathon.board.BoardApplicationTests   : Started BoardApplicationTests in 5.029 seconds (process running for 12.225)
]]></system-out>
  <system-err><![CDATA[]]></system-err>
</testsuite>
