<?xml version="1.0" encoding="UTF-8"?>
<testsuite name="비즈니스 로직 - 게시글" tests="13" skipped="0" failures="0" errors="0" timestamp="2023-07-01T00:56:19" hostname="Jeongui-MacBookPro.local" time="0.036">
  <properties/>
  <testcase name="게시글 정보를 입력하면, 게시글을 생성한다." classname="com.marathon.board.service.ArticleServiceTest" time="0.002"/>
  <testcase name="없는 게시글의 수정 정보를 입력하면, 경고 로그를 찍고 아무 것도 하지 않는다." classname="com.marathon.board.service.ArticleServiceTest" time="0.002"/>
  <testcase name="게시글을 조회하면, 게시글을 반환한다." classname="com.marathon.board.service.ArticleServiceTest" time="0.003"/>
  <testcase name="해시태그를 조회하면, 유니크 해시태그 리스트를 반환한다." classname="com.marathon.board.service.ArticleServiceTest" time="0.003"/>
  <testcase name="검색어 없이 게시글을 검색하면, 게시글 페이지를 반환한다." classname="com.marathon.board.service.ArticleServiceTest" time="0.002"/>
  <testcase name="게시글 ID로 조회하면, 댓글 달린 게시글을 반환한다." classname="com.marathon.board.service.ArticleServiceTest" time="0.003"/>
  <testcase name="게시글이 없으면, 예외를 던진다." classname="com.marathon.board.service.ArticleServiceTest" time="0.002"/>
  <testcase name="댓글 달린 게시글이 없으면, 예외를 던진다" classname="com.marathon.board.service.ArticleServiceTest" time="0.004"/>
  <testcase name="검색어 없이 게시글을 해시태그 검색하면, 빈 페이지를 반환한다" classname="com.marathon.board.service.ArticleServiceTest" time="0.001"/>
  <testcase name="검색어와 함께 게시글을 검색하면, 게시글 페이지를 반환한다." classname="com.marathon.board.service.ArticleServiceTest" time="0.002"/>
  <testcase name="게시글의 ID를 입력하면, 게시글을 삭제한다" classname="com.marathon.board.service.ArticleServiceTest" time="0.002"/>
  <testcase name="게시글을 해시태그 검색하면, 게시글 페이지를 반환한다." classname="com.marathon.board.service.ArticleServiceTest" time="0.002"/>
  <testcase name="게시글의 수정 정보를 입력하면, 게시글을 수정한다." classname="com.marathon.board.service.ArticleServiceTest" time="0.003"/>
  <system-out><![CDATA[2023-07-01T09:56:19.512+09:00  WARN 2507 --- [    Test worker] c.marathon.board.service.ArticleService  : 게사글 업데이트 실패. 게시글을 수정하는데 필요한 정보를 찾을 수 없습니다. - null
]]></system-out>
  <system-err><![CDATA[]]></system-err>
</testsuite>
