<?xml version="1.0" encoding="UTF-8"?>
<testsuite name="com.marathon.board.BoardApplicationTests" tests="1" skipped="0" failures="0" errors="0" timestamp="2023-07-30T08:16:29" hostname="Jeongui-MacBookPro.local" time="0.006">
  <properties/>
  <testcase name="contextLoads()" classname="com.marathon.board.BoardApplicationTests" time="0.006"/>
  <system-out><![CDATA[2023-07-30T17:16:24.742+09:00  INFO 3152 --- [    Test worker] t.c.s.AnnotationConfigContextLoaderUtils : Could not detect default configuration classes for test class [com.marathon.board.BoardApplicationTests]: BoardApplicationTests does not declare any static, non-private, non-final, nested classes annotated with @Configuration.
2023-07-30T17:16:24.754+09:00  INFO 3152 --- [    Test worker] .b.t.c.SpringBootTestContextBootstrapper : Found @SpringBootConfiguration com.marathon.board.BoardApplication for test class com.marathon.board.BoardApplicationTests

  .   ____          _            __ _ _
 /\\ / ___'_ __ _ _(_)_ __  __ _ \ \ \ \
( ( )\___ | '_ | '_| | '_ \/ _` | \ \ \ \
 \\/  ___)| |_)| | | | | || (_| |  ) ) ) )
  '  |____| .__|_| |_|_| |_\__, | / / / /
 =========|_|==============|___/=/_/_/_/
 :: Spring Boot ::                (v3.0.4)

2023-07-30T17:16:24.805+09:00  INFO 3152 --- [    Test worker] c.marathon.board.BoardApplicationTests   : Starting BoardApplicationTests using Java 17.0.6 with PID 3152 (started by jeonghokang in /Users/jeonghokang/IdeaProjects/marathon-project-board2)
2023-07-30T17:16:24.805+09:00  INFO 3152 --- [    Test worker] c.marathon.board.BoardApplicationTests   : No active profile set, falling back to 1 default profile: "default"
2023-07-30T17:16:25.536+09:00  INFO 3152 --- [    Test worker] .s.d.r.c.RepositoryConfigurationDelegate : Bootstrapping Spring Data JPA repositories in DEFAULT mode.
2023-07-30T17:16:25.605+09:00  INFO 3152 --- [    Test worker] .s.d.r.c.RepositoryConfigurationDelegate : Finished Spring Data repository scanning in 60 ms. Found 4 JPA repository interfaces.
2023-07-30T17:16:25.997+09:00  INFO 3152 --- [    Test worker] o.hibernate.jpa.internal.util.LogHelper  : HHH000204: Processing PersistenceUnitInfo [name: default]
2023-07-30T17:16:26.076+09:00  INFO 3152 --- [    Test worker] org.hibernate.Version                    : HHH000412: Hibernate ORM core version 6.1.7.Final
2023-07-30T17:16:26.275+09:00  INFO 3152 --- [    Test worker] com.zaxxer.hikari.HikariDataSource       : HikariPool-1 - Starting...
2023-07-30T17:16:26.500+09:00  INFO 3152 --- [    Test worker] com.zaxxer.hikari.pool.HikariPool        : HikariPool-1 - Added connection org.postgresql.jdbc.PgConnection@4a28b6d0
2023-07-30T17:16:26.502+09:00  INFO 3152 --- [    Test worker] com.zaxxer.hikari.HikariDataSource       : HikariPool-1 - Start completed.
2023-07-30T17:16:26.610+09:00  INFO 3152 --- [    Test worker] SQL dialect                              : HHH000400: Using dialect: org.hibernate.dialect.PostgreSQLDialect
Hibernate: 
    
    alter table if exists article 
       drop constraint if exists FK81hjxo20c0so6pxe8rjpjlhj4
Hibernate: 
    
    alter table if exists article_hashtag 
       drop constraint if exists FKe3ccvxb3rjbjyugsttrkpabma
Hibernate: 
    
    alter table if exists article_hashtag 
       drop constraint if exists FK4adimje6fx9kut67u6jd9c174
Hibernate: 
    
    alter table if exists article_comment 
       drop constraint if exists FKghmocqkgqs5tkmucf5putw64t
Hibernate: 
    
    alter table if exists article_comment 
       drop constraint if exists FK67dybe2dob8uvrr7fyicyb1no
Hibernate: 
    
    drop table if exists article cascade
Hibernate: 
    
    drop table if exists article_hashtag cascade
Hibernate: 
    
    drop table if exists article_comment cascade
Hibernate: 
    
    drop table if exists bible_candy cascade
Hibernate: 
    
    drop table if exists hashtag cascade
Hibernate: 
    
    drop table if exists user_account cascade
Hibernate: 
    
    create table article (
       id bigserial not null,
        created_at timestamp(6) not null,
        created_by varchar(100) not null,
        modified_at timestamp(6) not null,
        modified_by varchar(100) not null,
        content varchar(10000) not null,
        title varchar(255) not null,
        user_id varchar(50) not null,
        primary key (id)
    )
Hibernate: 
    
    create table article_hashtag (
       article_id bigint not null,
        hashtag_id bigint not null,
        primary key (article_id, hashtag_id)
    )
Hibernate: 
    
    create table article_comment (
       id bigserial not null,
        created_at timestamp(6) not null,
        created_by varchar(100) not null,
        modified_at timestamp(6) not null,
        modified_by varchar(100) not null,
        content varchar(500) not null,
        parent_comment_id bigint,
        article_id bigint not null,
        user_id varchar(50) not null,
        primary key (id)
    )
Hibernate: 
    
    create table bible_candy (
       id bigserial not null,
        created_at timestamp(6) not null,
        created_by varchar(100) not null,
        modified_at timestamp(6) not null,
        modified_by varchar(100) not null,
        content varchar(255) not null,
        primary key (id)
    )
Hibernate: 
    
    create table hashtag (
       id bigserial not null,
        created_at timestamp(6) not null,
        created_by varchar(100) not null,
        modified_at timestamp(6) not null,
        modified_by varchar(100) not null,
        hashtag_name varchar(255) not null,
        primary key (id)
    )
Hibernate: 
    
    create table user_account (
       user_id varchar(50) not null,
        created_at timestamp(6) not null,
        created_by varchar(100) not null,
        modified_at timestamp(6) not null,
        modified_by varchar(100) not null,
        email varchar(100),
        memo varchar(255),
        nickname varchar(100),
        user_password varchar(255) not null,
        primary key (user_id)
    )
Hibernate: create index IDX571gx7oqo5xpmgocegaidlcu9 on article (title)
Hibernate: create index IDXrmt77yibijtk4sarremr67saa on article (created_at)
Hibernate: create index IDXjl4utii2etiocimt799wvtuvv on article (created_by)
Hibernate: create index IDXpieqqnljv147sefofs56h25qx on article_comment (content)
Hibernate: create index IDXh1jx107qecntcbcpc2vfb07ij on article_comment (created_at)
Hibernate: create index IDXc6pa61djuf2o8xnceyyvtdbaq on article_comment (created_by)
Hibernate: create index IDXqsw749049hk4qchgifri26i47 on hashtag (created_at)
Hibernate: create index IDX86k52tgc32cdprjluy33m0k2d on hashtag (created_by)
Hibernate: 
    
    alter table if exists hashtag 
       add constraint UKl5g14scs493ujoy0bh0slbp7a unique (hashtag_name)
Hibernate: create index IDXogja11wxoxigeh554wd4094xv on user_account (created_at)
Hibernate: create index IDX9twf822xbr2e0qcmnxueulgfw on user_account (created_by)
Hibernate: 
    
    alter table if exists user_account 
       add constraint UKhl02wv5hym99ys465woijmfib unique (email)
Hibernate: 
    
    alter table if exists article 
       add constraint FK81hjxo20c0so6pxe8rjpjlhj4 
       foreign key (user_id) 
       references user_account
Hibernate: 
    
    alter table if exists article_hashtag 
       add constraint FKe3ccvxb3rjbjyugsttrkpabma 
       foreign key (hashtag_id) 
       references hashtag
Hibernate: 
    
    alter table if exists article_hashtag 
       add constraint FK4adimje6fx9kut67u6jd9c174 
       foreign key (article_id) 
       references article
Hibernate: 
    
    alter table if exists article_comment 
       add constraint FKghmocqkgqs5tkmucf5putw64t 
       foreign key (article_id) 
       references article
Hibernate: 
    
    alter table if exists article_comment 
       add constraint FK67dybe2dob8uvrr7fyicyb1no 
       foreign key (user_id) 
       references user_account
2023-07-30T17:16:27.776+09:00  INFO 3152 --- [    Test worker] o.h.e.t.j.p.i.JtaPlatformInitiator       : HHH000490: Using JtaPlatform implementation: [org.hibernate.engine.transaction.jta.platform.internal.NoJtaPlatform]
2023-07-30T17:16:27.788+09:00  INFO 3152 --- [    Test worker] j.LocalContainerEntityManagerFactoryBean : Initialized JPA EntityManagerFactory for persistence unit 'default'
2023-07-30T17:16:29.018+09:00  INFO 3152 --- [    Test worker] o.s.b.a.w.s.WelcomePageHandlerMapping    : Adding welcome page template: index
2023-07-30T17:16:29.031+09:00 DEBUG 3152 --- [    Test worker] s.w.s.m.m.a.RequestMappingHandlerMapping : 13 mappings in 'requestMappingHandlerMapping'
2023-07-30T17:16:29.094+09:00 DEBUG 3152 --- [    Test worker] o.s.w.s.handler.SimpleUrlHandlerMapping  : Patterns [/webjars/**, /**, /api/explorer/**] in 'resourceHandlerMapping'
2023-07-30T17:16:29.356+09:00  INFO 3152 --- [    Test worker] o.s.b.a.e.web.EndpointLinksResolver      : Exposing 13 endpoint(s) beneath base path '/actuator'
2023-07-30T17:16:29.392+09:00  INFO 3152 --- [    Test worker] o.s.s.web.DefaultSecurityFilterChain     : Will secure any request with [org.springframework.security.web.session.DisableEncodeUrlFilter@6c67a17d, org.springframework.security.web.context.request.async.WebAsyncManagerIntegrationFilter@74f6fa34, org.springframework.security.web.context.SecurityContextHolderFilter@308034aa, org.springframework.security.web.header.HeaderWriterFilter@53534c15, org.springframework.security.web.csrf.CsrfFilter@5c10216f, org.springframework.security.web.authentication.logout.LogoutFilter@69b9ea1d, org.springframework.security.web.authentication.UsernamePasswordAuthenticationFilter@6a4484e6, org.springframework.security.web.authentication.ui.DefaultLoginPageGeneratingFilter@6317f6d, org.springframework.security.web.authentication.ui.DefaultLogoutPageGeneratingFilter@1b5860fb, org.springframework.security.web.savedrequest.RequestCacheAwareFilter@6dc6608c, org.springframework.security.web.servletapi.SecurityContextHolderAwareRequestFilter@4fcbb165, org.springframework.security.web.authentication.AnonymousAuthenticationFilter@5575b4c2, org.springframework.security.web.access.ExceptionTranslationFilter@31b273b2, org.springframework.security.web.access.intercept.AuthorizationFilter@24697504]
2023-07-30T17:16:29.525+09:00 DEBUG 3152 --- [    Test worker] s.w.s.m.m.a.RequestMappingHandlerAdapter : ControllerAdvice beans: 0 @ModelAttribute, 0 @InitBinder, 1 RequestBodyAdvice, 1 ResponseBodyAdvice
2023-07-30T17:16:29.539+09:00 DEBUG 3152 --- [    Test worker] .m.m.a.ExceptionHandlerExceptionResolver : ControllerAdvice beans: 1 @ExceptionHandler, 1 ResponseBodyAdvice
2023-07-30T17:16:29.695+09:00  INFO 3152 --- [    Test worker] o.s.b.a.h2.H2ConsoleAutoConfiguration    : H2 console available at '/h2-console'. Database available at 'jdbc:postgresql://localhost:5432/board'
2023-07-30T17:16:29.880+09:00  INFO 3152 --- [    Test worker] c.marathon.board.BoardApplicationTests   : Started BoardApplicationTests in 5.118 seconds (process running for 12.438)
]]></system-out>
  <system-err><![CDATA[]]></system-err>
</testsuite>
