<?xml version="1.0" encoding="UTF-8"?>
<testsuite name="비즈니스 로직 - 댓글" tests="6" skipped="0" failures="0" errors="0" timestamp="2023-07-30T08:16:31" hostname="Jeongui-MacBookPro.local" time="0.065">
  <properties/>
  <testcase name="댓글 ID를 입력하면, 댓글을 삭제한다." classname="com.marathon.board.service.ArticleCommentServiceTest" time="0.051"/>
  <testcase name="댓글 저장을 시도했는데 맞는 게시글이 없으면, 경고 로그를 찍고 아무것도 안 한다." classname="com.marathon.board.service.ArticleCommentServiceTest" time="0.002"/>
  <testcase name="게시글 ID로 조회하면, 해당하는 댓글 리스트를 반환한다." classname="com.marathon.board.service.ArticleCommentServiceTest" time="0.003"/>
  <testcase name="댓글 정보를 입력하면, 댓글을 수정한다." classname="com.marathon.board.service.ArticleCommentServiceTest" time="0.002"/>
  <testcase name="없는 댓글 정보를 수정하려고 하면, 경고 로그를 찍고 아무 것도 안 한다." classname="com.marathon.board.service.ArticleCommentServiceTest" time="0.002"/>
  <testcase name="댓글 정보를 입력하면, 댓글을 저장한다." classname="com.marathon.board.service.ArticleCommentServiceTest" time="0.003"/>
  <system-out><![CDATA[]]></system-out>
  <system-err><![CDATA[jakarta.persistence.EntityNotFoundException
jakarta.persistence.EntityNotFoundException
]]></system-err>
</testsuite>
