<?xml version="1.0" encoding="UTF-8"?>
<testsuite name="Data REST 테스트" tests="5" skipped="5" failures="0" errors="0" timestamp="2023-07-23T05:02:24" hostname="Jeongui-MacBookPro.local" time="0.001">
  <properties/>
  <testcase name="[api] 게시글 단건 조회" classname="com.marathon.board.controller.DataRestTest" time="0.0">
    <skipped/>
  </testcase>
  <testcase name="[api] 댓글 리스트 조회" classname="com.marathon.board.controller.DataRestTest" time="0.0">
    <skipped/>
  </testcase>
  <testcase name="[api] 게시글 리스트 조회" classname="com.marathon.board.controller.DataRestTest" time="0.001">
    <skipped/>
  </testcase>
  <testcase name="[api] 댓글 단건 조회" classname="com.marathon.board.controller.DataRestTest" time="0.0">
    <skipped/>
  </testcase>
  <testcase name="[api] 게시글 댓글 조회" classname="com.marathon.board.controller.DataRestTest" time="0.0">
    <skipped/>
  </testcase>
  <system-out><![CDATA[]]></system-out>
  <system-err><![CDATA[]]></system-err>
</testsuite>
