<?xml version="1.0" encoding="UTF-8"?>
<testsuite name="View 컨트롤러 - 게시글" tests="11" skipped="1" failures="0" errors="0" timestamp="2023-07-01T00:56:18" hostname="Jeongui-MacBookPro.local" time="0.368">
  <properties/>
  <testcase name="[view][POST] 게시글 수정 - 정상 호출" classname="com.marathon.board.controller.ArticleControllerTest" time="0.022"/>
  <testcase name="[view][GET] 게시글 해시태그 검색페이지 - 정상 호출, 해시태그 입력한 경우" classname="com.marathon.board.controller.ArticleControllerTest" time="0.207"/>
  <testcase name="[View][GET] 새 게시글 작성 페이지" classname="com.marathon.board.controller.ArticleControllerTest" time="0.015"/>
  <testcase name="[view][GET] 게시글 해시태그 검색페이지 - 정상 호출" classname="com.marathon.board.controller.ArticleControllerTest" time="0.011"/>
  <testcase name="[view][POST] 게시글 삭제 - 정상 호출" classname="com.marathon.board.controller.ArticleControllerTest" time="0.008"/>
  <testcase name="[view][GET] 게시글 검색전용페이지 - 정상 호출" classname="com.marathon.board.controller.ArticleControllerTest" time="0.001">
    <skipped/>
  </testcase>
  <testcase name="[view][GET] 게시글 페이지 - 정상 호출, 인증된 사용자" classname="com.marathon.board.controller.ArticleControllerTest" time="0.031"/>
  <testcase name="[view][GET] 게시글 수정 페이지" classname="com.marathon.board.controller.ArticleControllerTest" time="0.015"/>
  <testcase name="[view][POST] 새 게시글 등록 - 정상 호출" classname="com.marathon.board.controller.ArticleControllerTest" time="0.009"/>
  <testcase name="[view][GET] 게시글 리스트 {게시판} 페이지 - 정상 호출" classname="com.marathon.board.controller.ArticleControllerTest" time="0.018"/>
  <testcase name="[view][GET] 게시글 리스트 {게시판} 페이지 - 검색어와 함께 호출" classname="com.marathon.board.controller.ArticleControllerTest" time="0.01"/>
  <system-out><![CDATA[2023-07-01T09:56:18.619+09:00  INFO 2507 --- [    Test worker] t.c.s.AnnotationConfigContextLoaderUtils : Could not detect default configuration classes for test class [com.marathon.board.controller.ArticleControllerTest]: ArticleControllerTest does not declare any static, non-private, non-final, nested classes annotated with @Configuration.
2023-07-01T09:56:18.624+09:00  INFO 2507 --- [    Test worker] .b.t.c.SpringBootTestContextBootstrapper : Found @SpringBootConfiguration com.marathon.board.BoardApplication for test class com.marathon.board.controller.ArticleControllerTest

  .   ____          _            __ _ _
 /\\ / ___'_ __ _ _(_)_ __  __ _ \ \ \ \
( ( )\___ | '_ | '_| | '_ \/ _` | \ \ \ \
 \\/  ___)| |_)| | | | | || (_| |  ) ) ) )
  '  |____| .__|_| |_|_| |_\__, | / / / /
 =========|_|==============|___/=/_/_/_/
 :: Spring Boot ::                (v3.0.4)

2023-07-01T09:56:18.646+09:00  INFO 2507 --- [    Test worker] c.m.b.controller.ArticleControllerTest   : Starting ArticleControllerTest using Java 17.0.6 with PID 2507 (started by jeonghokang in /Users/jeonghokang/IdeaProjects/marathon-project-board/board)
2023-07-01T09:56:18.646+09:00  INFO 2507 --- [    Test worker] c.m.b.controller.ArticleControllerTest   : No active profile set, falling back to 1 default profile: "default"
2023-07-01T09:56:18.826+09:00  INFO 2507 --- [    Test worker] o.s.b.a.w.s.WelcomePageHandlerMapping    : Adding welcome page template: index
2023-07-01T09:56:18.832+09:00 DEBUG 2507 --- [    Test worker] s.w.s.m.m.a.RequestMappingHandlerMapping : 10 mappings in 'requestMappingHandlerMapping'
2023-07-01T09:56:18.842+09:00 DEBUG 2507 --- [    Test worker] o.s.w.s.handler.SimpleUrlHandlerMapping  : Patterns [/webjars/**, /**] in 'resourceHandlerMapping'
2023-07-01T09:56:18.848+09:00  INFO 2507 --- [    Test worker] o.s.s.web.DefaultSecurityFilterChain     : Will secure any request with [org.springframework.security.web.session.DisableEncodeUrlFilter@53ac6bb4, org.springframework.security.web.context.request.async.WebAsyncManagerIntegrationFilter@19f8c830, org.springframework.security.web.context.SecurityContextHolderFilter@3b05fba2, org.springframework.security.web.header.HeaderWriterFilter@6719b4a, org.springframework.security.web.csrf.CsrfFilter@74d56f47, org.springframework.security.web.authentication.logout.LogoutFilter@60019f4b, org.springframework.security.web.authentication.UsernamePasswordAuthenticationFilter@3f3b50df, org.springframework.security.web.authentication.ui.DefaultLoginPageGeneratingFilter@385269dd, org.springframework.security.web.authentication.ui.DefaultLogoutPageGeneratingFilter@442ca132, org.springframework.security.web.savedrequest.RequestCacheAwareFilter@64f514d2, org.springframework.security.web.servletapi.SecurityContextHolderAwareRequestFilter@32730f12, org.springframework.security.web.authentication.AnonymousAuthenticationFilter@2174acc0, org.springframework.security.web.access.ExceptionTranslationFilter@16a81f09, org.springframework.security.web.access.intercept.AuthorizationFilter@619783ce]
2023-07-01T09:56:18.862+09:00 DEBUG 2507 --- [    Test worker] s.w.s.m.m.a.RequestMappingHandlerAdapter : ControllerAdvice beans: 0 @ModelAttribute, 0 @InitBinder, 1 RequestBodyAdvice, 1 ResponseBodyAdvice
2023-07-01T09:56:18.866+09:00 DEBUG 2507 --- [    Test worker] .m.m.a.ExceptionHandlerExceptionResolver : ControllerAdvice beans: 0 @ExceptionHandler, 1 ResponseBodyAdvice
2023-07-01T09:56:18.889+09:00  INFO 2507 --- [    Test worker] o.s.b.t.m.w.SpringBootMockServletContext : Initializing Spring TestDispatcherServlet ''
2023-07-01T09:56:18.889+09:00  INFO 2507 --- [    Test worker] o.s.t.web.servlet.TestDispatcherServlet  : Initializing Servlet ''
2023-07-01T09:56:18.889+09:00  INFO 2507 --- [    Test worker] o.s.t.web.servlet.TestDispatcherServlet  : Completed initialization in 0 ms
2023-07-01T09:56:18.901+09:00  INFO 2507 --- [    Test worker] c.m.b.controller.ArticleControllerTest   : Started ArticleControllerTest in 0.275 seconds (process running for 12.97)
2023-07-01T09:56:18.914+09:00 DEBUG 2507 --- [    Test worker] s.w.s.m.m.a.RequestMappingHandlerMapping : Mapped to com.marathon.board.controller.ArticleController#updateArticle(Long, BoardPrincipal, ArticleRequest)
2023-07-01T09:56:18.923+09:00 DEBUG 2507 --- [    Test worker] o.s.web.servlet.view.RedirectView        : View name 'redirect:', model {}
2023-07-01T09:56:18.937+09:00 DEBUG 2507 --- [    Test worker] s.w.s.m.m.a.RequestMappingHandlerMapping : Mapped to com.marathon.board.controller.ArticleController#searchArticleHashtag(String, Pageable, ModelMap)
2023-07-01T09:56:18.938+09:00 DEBUG 2507 --- [    Test worker] s.w.s.m.m.a.RequestMappingHandlerMapping : Mapped to com.marathon.board.controller.ArticleController#searchArticleHashtag(String, Pageable, ModelMap)
2023-07-01T09:56:18.938+09:00 DEBUG 2507 --- [    Test worker] s.w.s.m.m.a.RequestMappingHandlerMapping : Mapped to com.marathon.board.controller.ArticleController#searchArticleHashtag(String, Pageable, ModelMap)
2023-07-01T09:56:18.939+09:00 DEBUG 2507 --- [    Test worker] s.w.s.m.m.a.RequestMappingHandlerMapping : Mapped to com.marathon.board.controller.ArticleController#searchArticleHashtag(String, Pageable, ModelMap)
2023-07-01T09:56:18.949+09:00 DEBUG 2507 --- [    Test worker] o.s.w.s.v.ContentNegotiatingViewResolver : Selected '*/*' given [*/*]
2023-07-01T09:56:19.144+09:00 DEBUG 2507 --- [    Test worker] s.w.s.m.m.a.RequestMappingHandlerMapping : Mapped to com.marathon.board.controller.ArticleController#articleForm(ModelMap)
2023-07-01T09:56:19.144+09:00 DEBUG 2507 --- [    Test worker] s.w.s.m.m.a.RequestMappingHandlerMapping : Mapped to com.marathon.board.controller.ArticleController#articleForm(ModelMap)
2023-07-01T09:56:19.144+09:00 DEBUG 2507 --- [    Test worker] s.w.s.m.m.a.RequestMappingHandlerMapping : Mapped to com.marathon.board.controller.ArticleController#articleForm(ModelMap)
2023-07-01T09:56:19.144+09:00 DEBUG 2507 --- [    Test worker] s.w.s.m.m.a.RequestMappingHandlerMapping : Mapped to com.marathon.board.controller.ArticleController#articleForm(ModelMap)
2023-07-01T09:56:19.145+09:00 DEBUG 2507 --- [    Test worker] o.s.w.s.v.ContentNegotiatingViewResolver : Selected '*/*' given [*/*]
2023-07-01T09:56:19.158+09:00 DEBUG 2507 --- [    Test worker] s.w.s.m.m.a.RequestMappingHandlerMapping : Mapped to com.marathon.board.controller.ArticleController#searchArticleHashtag(String, Pageable, ModelMap)
2023-07-01T09:56:19.158+09:00 DEBUG 2507 --- [    Test worker] s.w.s.m.m.a.RequestMappingHandlerMapping : Mapped to com.marathon.board.controller.ArticleController#searchArticleHashtag(String, Pageable, ModelMap)
2023-07-01T09:56:19.159+09:00 DEBUG 2507 --- [    Test worker] s.w.s.m.m.a.RequestMappingHandlerMapping : Mapped to com.marathon.board.controller.ArticleController#searchArticleHashtag(String, Pageable, ModelMap)
2023-07-01T09:56:19.159+09:00 DEBUG 2507 --- [    Test worker] s.w.s.m.m.a.RequestMappingHandlerMapping : Mapped to com.marathon.board.controller.ArticleController#searchArticleHashtag(String, Pageable, ModelMap)
2023-07-01T09:56:19.161+09:00 DEBUG 2507 --- [    Test worker] o.s.w.s.v.ContentNegotiatingViewResolver : Selected '*/*' given [*/*]
2023-07-01T09:56:19.172+09:00 DEBUG 2507 --- [    Test worker] s.w.s.m.m.a.RequestMappingHandlerMapping : Mapped to com.marathon.board.controller.ArticleController#deleteArticle(Long, BoardPrincipal)
2023-07-01T09:56:19.174+09:00 DEBUG 2507 --- [    Test worker] o.s.web.servlet.view.RedirectView        : View name 'redirect:', model {}
2023-07-01T09:56:19.186+09:00 DEBUG 2507 --- [    Test worker] s.w.s.m.m.a.RequestMappingHandlerMapping : Mapped to com.marathon.board.controller.ArticleController#article(ModelMap, Long)
2023-07-01T09:56:19.187+09:00 DEBUG 2507 --- [    Test worker] s.w.s.m.m.a.RequestMappingHandlerMapping : Mapped to com.marathon.board.controller.ArticleController#article(ModelMap, Long)
2023-07-01T09:56:19.187+09:00 DEBUG 2507 --- [    Test worker] s.w.s.m.m.a.RequestMappingHandlerMapping : Mapped to com.marathon.board.controller.ArticleController#article(ModelMap, Long)
2023-07-01T09:56:19.187+09:00 DEBUG 2507 --- [    Test worker] s.w.s.m.m.a.RequestMappingHandlerMapping : Mapped to com.marathon.board.controller.ArticleController#article(ModelMap, Long)
2023-07-01T09:56:19.190+09:00 DEBUG 2507 --- [    Test worker] o.s.w.s.v.ContentNegotiatingViewResolver : Selected '*/*' given [*/*]
2023-07-01T09:56:19.219+09:00 DEBUG 2507 --- [    Test worker] s.w.s.m.m.a.RequestMappingHandlerMapping : Mapped to com.marathon.board.controller.ArticleController#updateArticleForm(Long, ModelMap)
2023-07-01T09:56:19.219+09:00 DEBUG 2507 --- [    Test worker] s.w.s.m.m.a.RequestMappingHandlerMapping : Mapped to com.marathon.board.controller.ArticleController#updateArticleForm(Long, ModelMap)
2023-07-01T09:56:19.220+09:00 DEBUG 2507 --- [    Test worker] s.w.s.m.m.a.RequestMappingHandlerMapping : Mapped to com.marathon.board.controller.ArticleController#updateArticleForm(Long, ModelMap)
2023-07-01T09:56:19.220+09:00 DEBUG 2507 --- [    Test worker] s.w.s.m.m.a.RequestMappingHandlerMapping : Mapped to com.marathon.board.controller.ArticleController#updateArticleForm(Long, ModelMap)
2023-07-01T09:56:19.221+09:00 DEBUG 2507 --- [    Test worker] o.s.w.s.v.ContentNegotiatingViewResolver : Selected '*/*' given [*/*]
2023-07-01T09:56:19.236+09:00 DEBUG 2507 --- [    Test worker] s.w.s.m.m.a.RequestMappingHandlerMapping : Mapped to com.marathon.board.controller.ArticleController#postNewArticle(BoardPrincipal, ArticleRequest)
2023-07-01T09:56:19.238+09:00 DEBUG 2507 --- [    Test worker] o.s.web.servlet.view.RedirectView        : View name 'redirect:', model {}
2023-07-01T09:56:19.247+09:00 DEBUG 2507 --- [    Test worker] s.w.s.m.m.a.RequestMappingHandlerMapping : Mapped to com.marathon.board.controller.ArticleController#articles(SearchType, String, Pageable, ModelMap)
2023-07-01T09:56:19.247+09:00 DEBUG 2507 --- [    Test worker] s.w.s.m.m.a.RequestMappingHandlerMapping : Mapped to com.marathon.board.controller.ArticleController#articles(SearchType, String, Pageable, ModelMap)
2023-07-01T09:56:19.247+09:00 DEBUG 2507 --- [    Test worker] s.w.s.m.m.a.RequestMappingHandlerMapping : Mapped to com.marathon.board.controller.ArticleController#articles(SearchType, String, Pageable, ModelMap)
2023-07-01T09:56:19.251+09:00 DEBUG 2507 --- [    Test worker] o.s.w.s.v.ContentNegotiatingViewResolver : Selected '*/*' given [*/*]
2023-07-01T09:56:19.267+09:00 DEBUG 2507 --- [    Test worker] s.w.s.m.m.a.RequestMappingHandlerMapping : Mapped to com.marathon.board.controller.ArticleController#articles(SearchType, String, Pageable, ModelMap)
2023-07-01T09:56:19.267+09:00 DEBUG 2507 --- [    Test worker] s.w.s.m.m.a.RequestMappingHandlerMapping : Mapped to com.marathon.board.controller.ArticleController#articles(SearchType, String, Pageable, ModelMap)
2023-07-01T09:56:19.268+09:00 DEBUG 2507 --- [    Test worker] s.w.s.m.m.a.RequestMappingHandlerMapping : Mapped to com.marathon.board.controller.ArticleController#articles(SearchType, String, Pageable, ModelMap)
2023-07-01T09:56:19.269+09:00 DEBUG 2507 --- [    Test worker] o.s.w.s.v.ContentNegotiatingViewResolver : Selected '*/*' given [*/*]
]]></system-out>
  <system-err><![CDATA[]]></system-err>
</testsuite>
