<?xml version="1.0" encoding="UTF-8"?>
<testsuite name="JPA 연결 테스트" tests="1" skipped="0" failures="0" errors="0" timestamp="2023-07-30T09:04:56" hostname="Jeongui-MacBookPro.local" time="0.676">
  <properties/>
  <testcase name="댓글 삭제와 대댓글 전체 연동 삭제 테스트 - 댓글 ID + 유저 ID" classname="com.marathon.board.repository.JpaRepositoryTest" time="0.676"/>
  <system-out><![CDATA[18:04:51.680 [Test worker] DEBUG org.springframework.boot.test.autoconfigure.orm.jpa.DataJpaTestContextBootstrapper - Neither @ContextConfiguration nor @ContextHierarchy found for test class [JpaRepositoryTest]: using SpringBootContextLoader
18:04:51.684 [Test worker] DEBUG org.springframework.test.context.support.AbstractContextLoader - Could not detect default resource locations for test class [com.marathon.board.repository.JpaRepositoryTest]: no resource found for suffixes {-context.xml, Context.groovy}.
18:04:51.744 [Test worker] DEBUG org.springframework.boot.test.autoconfigure.orm.jpa.DataJpaTestContextBootstrapper - Using ContextCustomizers for test class [JpaRepositoryTest]: [DisableAutoConfigurationContextCustomizer, DisableObservabilityContextCustomizer, TypeExcludeFiltersContextCustomizer, PropertyMappingContextCustomizer, Customizer, ImportsContextCustomizer, ExcludeFilterContextCustomizer, DuplicateJsonObjectContextCustomizer, MockitoContextCustomizer]
18:04:51.844 [Test worker] DEBUG org.springframework.context.annotation.ClassPathScanningCandidateComponentProvider - Identified candidate component class: file [/Users/jeonghokang/IdeaProjects/marathon-project-board2/build/classes/java/main/com/marathon/board/BoardApplication.class]
18:04:51.845 [Test worker] INFO org.springframework.boot.test.context.SpringBootTestContextBootstrapper - Found @SpringBootConfiguration com.marathon.board.BoardApplication for test class com.marathon.board.repository.JpaRepositoryTest
18:04:51.878 [Test worker] DEBUG org.springframework.boot.test.autoconfigure.orm.jpa.DataJpaTestContextBootstrapper - Using TestExecutionListeners for test class [JpaRepositoryTest]: [ServletTestExecutionListener, DirtiesContextBeforeModesTestExecutionListener, ApplicationEventsTestExecutionListener, MockitoTestExecutionListener, DependencyInjectionTestExecutionListener, DirtiesContextTestExecutionListener, TransactionalTestExecutionListener, SqlScriptsTestExecutionListener, WithSecurityContextTestExecutionListener, EventPublishingTestExecutionListener, ReactorContextTestExecutionListener, RestDocsTestExecutionListener, MockRestServiceServerResetTestExecutionListener, MockMvcPrintOnlyOnFailureTestExecutionListener, WebDriverTestExecutionListener, MockWebServiceServerTestExecutionListener, ResetMocksTestExecutionListener]
18:04:51.880 [Test worker] DEBUG org.springframework.test.context.support.AbstractDirtiesContextTestExecutionListener - Before test class: class [JpaRepositoryTest], class annotated with @DirtiesContext [false] with mode [null]

  .   ____          _            __ _ _
 /\\ / ___'_ __ _ _(_)_ __  __ _ \ \ \ \
( ( )\___ | '_ | '_| | '_ \/ _` | \ \ \ \
 \\/  ___)| |_)| | | | | || (_| |  ) ) ) )
  '  |____| .__|_| |_|_| |_\__, | / / / /
 =========|_|==============|___/=/_/_/_/
 :: Spring Boot ::                (v3.0.4)

2023-07-30T18:04:52.399+09:00  INFO 4199 --- [    Test worker] c.m.board.repository.JpaRepositoryTest   : Starting JpaRepositoryTest using Java 17.0.6 with PID 4199 (started by jeonghokang in /Users/jeonghokang/IdeaProjects/marathon-project-board2)
2023-07-30T18:04:52.401+09:00  INFO 4199 --- [    Test worker] c.m.board.repository.JpaRepositoryTest   : No active profile set, falling back to 1 default profile: "default"
2023-07-30T18:04:52.948+09:00  INFO 4199 --- [    Test worker] .s.d.r.c.RepositoryConfigurationDelegate : Bootstrapping Spring Data JPA repositories in DEFAULT mode.
2023-07-30T18:04:53.063+09:00  INFO 4199 --- [    Test worker] .s.d.r.c.RepositoryConfigurationDelegate : Finished Spring Data repository scanning in 104 ms. Found 4 JPA repository interfaces.
2023-07-30T18:04:53.133+09:00  INFO 4199 --- [    Test worker] beddedDataSourceBeanFactoryPostProcessor : Replacing 'dataSource' DataSource bean with embedded version
2023-07-30T18:04:53.342+09:00  INFO 4199 --- [    Test worker] o.s.j.d.e.EmbeddedDatabaseFactory        : Starting embedded database: url='jdbc:h2:mem:2f809cc8-8148-40b6-9483-54fc71619053;DB_CLOSE_DELAY=-1;DB_CLOSE_ON_EXIT=false', username='sa'
2023-07-30T18:04:53.658+09:00  INFO 4199 --- [    Test worker] o.hibernate.jpa.internal.util.LogHelper  : HHH000204: Processing PersistenceUnitInfo [name: default]
2023-07-30T18:04:53.717+09:00  INFO 4199 --- [    Test worker] org.hibernate.Version                    : HHH000412: Hibernate ORM core version 6.1.7.Final
2023-07-30T18:04:54.093+09:00  INFO 4199 --- [    Test worker] SQL dialect                              : HHH000400: Using dialect: org.hibernate.dialect.H2Dialect
Hibernate: 
    
    drop table if exists article cascade 
Hibernate: 
    
    drop table if exists article_hashtag cascade 
Hibernate: 
    
    drop table if exists article_comment cascade 
Hibernate: 
    
    drop table if exists bible_candy cascade 
Hibernate: 
    
    drop table if exists hashtag cascade 
Hibernate: 
    
    drop table if exists user_account cascade 
Hibernate: 
    
    create table article (
       id bigint generated by default as identity,
        created_at timestamp(6) not null,
        created_by varchar(100) not null,
        modified_at timestamp(6) not null,
        modified_by varchar(100) not null,
        content varchar(10000) not null,
        title varchar(255) not null,
        user_id varchar(50) not null,
        primary key (id)
    )
Hibernate: 
    
    create table article_hashtag (
       article_id bigint not null,
        hashtag_id bigint not null,
        primary key (article_id, hashtag_id)
    )
Hibernate: 
    
    create table article_comment (
       id bigint generated by default as identity,
        created_at timestamp(6) not null,
        created_by varchar(100) not null,
        modified_at timestamp(6) not null,
        modified_by varchar(100) not null,
        content varchar(500) not null,
        parent_comment_id bigint,
        article_id bigint not null,
        user_id varchar(50) not null,
        primary key (id)
    )
Hibernate: 
    
    create table bible_candy (
       id bigint generated by default as identity,
        created_at timestamp(6) not null,
        created_by varchar(100) not null,
        modified_at timestamp(6) not null,
        modified_by varchar(100) not null,
        content varchar(255) not null,
        primary key (id)
    )
Hibernate: 
    
    create table hashtag (
       id bigint generated by default as identity,
        created_at timestamp(6) not null,
        created_by varchar(100) not null,
        modified_at timestamp(6) not null,
        modified_by varchar(100) not null,
        hashtag_name varchar(255) not null,
        primary key (id)
    )
Hibernate: 
    
    create table user_account (
       user_id varchar(50) not null,
        created_at timestamp(6) not null,
        created_by varchar(100) not null,
        modified_at timestamp(6) not null,
        modified_by varchar(100) not null,
        email varchar(100),
        memo varchar(255),
        nickname varchar(100),
        user_password varchar(255) not null,
        primary key (user_id)
    )
Hibernate: create index IDX571gx7oqo5xpmgocegaidlcu9 on article (title)
Hibernate: create index IDXrmt77yibijtk4sarremr67saa on article (created_at)
Hibernate: create index IDXjl4utii2etiocimt799wvtuvv on article (created_by)
Hibernate: create index IDXpieqqnljv147sefofs56h25qx on article_comment (content)
Hibernate: create index IDXh1jx107qecntcbcpc2vfb07ij on article_comment (created_at)
Hibernate: create index IDXc6pa61djuf2o8xnceyyvtdbaq on article_comment (created_by)
Hibernate: create index IDXqsw749049hk4qchgifri26i47 on hashtag (created_at)
Hibernate: create index IDX86k52tgc32cdprjluy33m0k2d on hashtag (created_by)
Hibernate: 
    
    alter table if exists hashtag 
       add constraint UKl5g14scs493ujoy0bh0slbp7a unique (hashtag_name)
Hibernate: create index IDXogja11wxoxigeh554wd4094xv on user_account (created_at)
Hibernate: create index IDX9twf822xbr2e0qcmnxueulgfw on user_account (created_by)
Hibernate: 
    
    alter table if exists user_account 
       add constraint UKhl02wv5hym99ys465woijmfib unique (email)
Hibernate: 
    
    alter table if exists article 
       add constraint FK81hjxo20c0so6pxe8rjpjlhj4 
       foreign key (user_id) 
       references user_account
Hibernate: 
    
    alter table if exists article_hashtag 
       add constraint FKe3ccvxb3rjbjyugsttrkpabma 
       foreign key (hashtag_id) 
       references hashtag
Hibernate: 
    
    alter table if exists article_hashtag 
       add constraint FK4adimje6fx9kut67u6jd9c174 
       foreign key (article_id) 
       references article
Hibernate: 
    
    alter table if exists article_comment 
       add constraint FKghmocqkgqs5tkmucf5putw64t 
       foreign key (article_id) 
       references article
Hibernate: 
    
    alter table if exists article_comment 
       add constraint FK67dybe2dob8uvrr7fyicyb1no 
       foreign key (user_id) 
       references user_account
2023-07-30T18:04:55.200+09:00  INFO 4199 --- [    Test worker] o.h.e.t.j.p.i.JtaPlatformInitiator       : HHH000490: Using JtaPlatform implementation: [org.hibernate.engine.transaction.jta.platform.internal.NoJtaPlatform]
2023-07-30T18:04:55.211+09:00  INFO 4199 --- [    Test worker] j.LocalContainerEntityManagerFactoryBean : Initialized JPA EntityManagerFactory for persistence unit 'default'
2023-07-30T18:04:56.395+09:00  INFO 4199 --- [    Test worker] c.m.board.repository.JpaRepositoryTest   : Started JpaRepositoryTest in 4.45 seconds (process running for 5.99)
Hibernate: 
    select
        count(*) 
    from
        article_comment a1_0
Hibernate: 
    select
        a1_0.id,
        a1_0.article_id,
        a1_0.content,
        a1_0.created_at,
        a1_0.created_by,
        a1_0.modified_at,
        a1_0.modified_by,
        a1_0.parent_comment_id,
        a1_0.user_id 
    from
        article_comment a1_0 
    where
        a1_0.id=? 
        and a1_0.user_id=?
Hibernate: 
    select
        a1_0.id,
        a1_0.content,
        a1_0.created_at,
        a1_0.created_by,
        a1_0.modified_at,
        a1_0.modified_by,
        a1_0.title,
        u1_0.user_id,
        u1_0.created_at,
        u1_0.created_by,
        u1_0.email,
        u1_0.memo,
        u1_0.modified_at,
        u1_0.modified_by,
        u1_0.nickname,
        u1_0.user_password 
    from
        article a1_0 
    join
        user_account u1_0 
            on u1_0.user_id=a1_0.user_id 
    where
        a1_0.id=?
Hibernate: 
    select
        c1_0.parent_comment_id,
        c1_0.id,
        a1_0.id,
        a1_0.content,
        a1_0.created_at,
        a1_0.created_by,
        a1_0.modified_at,
        a1_0.modified_by,
        a1_0.title,
        u1_0.user_id,
        u1_0.created_at,
        u1_0.created_by,
        u1_0.email,
        u1_0.memo,
        u1_0.modified_at,
        u1_0.modified_by,
        u1_0.nickname,
        u1_0.user_password,
        c1_0.content,
        c1_0.created_at,
        c1_0.created_by,
        c1_0.modified_at,
        c1_0.modified_by,
        u2_0.user_id,
        u2_0.created_at,
        u2_0.created_by,
        u2_0.email,
        u2_0.memo,
        u2_0.modified_at,
        u2_0.modified_by,
        u2_0.nickname,
        u2_0.user_password 
    from
        article_comment c1_0 
    left join
        article a1_0 
            on a1_0.id=c1_0.article_id 
    left join
        user_account u1_0 
            on u1_0.user_id=a1_0.user_id 
    left join
        user_account u2_0 
            on u2_0.user_id=c1_0.user_id 
    where
        c1_0.parent_comment_id=? 
    order by
        c1_0.created_at asc
Hibernate: 
    select
        c1_0.parent_comment_id,
        c1_0.id,
        a1_0.id,
        a1_0.content,
        a1_0.created_at,
        a1_0.created_by,
        a1_0.modified_at,
        a1_0.modified_by,
        a1_0.title,
        u1_0.user_id,
        u1_0.created_at,
        u1_0.created_by,
        u1_0.email,
        u1_0.memo,
        u1_0.modified_at,
        u1_0.modified_by,
        u1_0.nickname,
        u1_0.user_password,
        c1_0.content,
        c1_0.created_at,
        c1_0.created_by,
        c1_0.modified_at,
        c1_0.modified_by,
        u2_0.user_id,
        u2_0.created_at,
        u2_0.created_by,
        u2_0.email,
        u2_0.memo,
        u2_0.modified_at,
        u2_0.modified_by,
        u2_0.nickname,
        u2_0.user_password 
    from
        article_comment c1_0 
    left join
        article a1_0 
            on a1_0.id=c1_0.article_id 
    left join
        user_account u1_0 
            on u1_0.user_id=a1_0.user_id 
    left join
        user_account u2_0 
            on u2_0.user_id=c1_0.user_id 
    where
        c1_0.parent_comment_id in(?,?,?,?) 
    order by
        c1_0.created_at asc
Hibernate: 
    delete 
    from
        article_comment 
    where
        id=?
Hibernate: 
    delete 
    from
        article_comment 
    where
        id=?
Hibernate: 
    delete 
    from
        article_comment 
    where
        id=?
Hibernate: 
    delete 
    from
        article_comment 
    where
        id=?
Hibernate: 
    delete 
    from
        article_comment 
    where
        id=?
Hibernate: 
    select
        count(*) 
    from
        article_comment a1_0
]]></system-out>
  <system-err><![CDATA[]]></system-err>
</testsuite>
