<?xml version="1.0" encoding="UTF-8"?>
<testsuite name="com.marathon.board.BoardApplicationTests" tests="1" skipped="0" failures="0" errors="0" timestamp="2023-07-23T04:07:14" hostname="Jeongui-MacBookPro.local" time="0.18">
  <properties/>
  <testcase name="contextLoads()" classname="com.marathon.board.BoardApplicationTests" time="0.18"/>
  <system-out><![CDATA[13:07:06.435 [Test worker] DEBUG org.springframework.boot.test.context.SpringBootTestContextBootstrapper - Neither @ContextConfiguration nor @ContextHierarchy found for test class [BoardApplicationTests]: using SpringBootContextLoader
13:07:06.443 [Test worker] DEBUG org.springframework.test.context.support.AbstractContextLoader - Could not detect default resource locations for test class [com.marathon.board.BoardApplicationTests]: no resource found for suffixes {-context.xml, Context.groovy}.
13:07:06.444 [Test worker] INFO org.springframework.test.context.support.AnnotationConfigContextLoaderUtils - Could not detect default configuration classes for test class [com.marathon.board.BoardApplicationTests]: BoardApplicationTests does not declare any static, non-private, non-final, nested classes annotated with @Configuration.
13:07:06.485 [Test worker] DEBUG org.springframework.boot.test.context.SpringBootTestContextBootstrapper - Using ContextCustomizers for test class [BoardApplicationTests]: [DisableObservabilityContextCustomizer, PropertyMappingContextCustomizer, Customizer, ExcludeFilterContextCustomizer, DuplicateJsonObjectContextCustomizer, MockitoContextCustomizer, TestRestTemplateContextCustomizer]
13:07:06.631 [Test worker] DEBUG org.springframework.context.annotation.ClassPathScanningCandidateComponentProvider - Identified candidate component class: file [/Users/jeonghokang/IdeaProjects/marathon-project-board2/build/classes/java/main/com/marathon/board/BoardApplication.class]
13:07:06.633 [Test worker] INFO org.springframework.boot.test.context.SpringBootTestContextBootstrapper - Found @SpringBootConfiguration com.marathon.board.BoardApplication for test class com.marathon.board.BoardApplicationTests
13:07:06.802 [Test worker] DEBUG org.springframework.boot.test.context.SpringBootTestContextBootstrapper - Using TestExecutionListeners for test class [BoardApplicationTests]: [ServletTestExecutionListener, DirtiesContextBeforeModesTestExecutionListener, ApplicationEventsTestExecutionListener, MockitoTestExecutionListener, DependencyInjectionTestExecutionListener, DirtiesContextTestExecutionListener, TransactionalTestExecutionListener, SqlScriptsTestExecutionListener, WithSecurityContextTestExecutionListener, EventPublishingTestExecutionListener, ReactorContextTestExecutionListener, RestDocsTestExecutionListener, MockRestServiceServerResetTestExecutionListener, MockMvcPrintOnlyOnFailureTestExecutionListener, WebDriverTestExecutionListener, MockWebServiceServerTestExecutionListener, ResetMocksTestExecutionListener]
13:07:06.804 [Test worker] DEBUG org.springframework.test.context.support.AbstractDirtiesContextTestExecutionListener - Before test class: class [BoardApplicationTests], class annotated with @DirtiesContext [false] with mode [null]

  .   ____          _            __ _ _
 /\\ / ___'_ __ _ _(_)_ __  __ _ \ \ \ \
( ( )\___ | '_ | '_| | '_ \/ _` | \ \ \ \
 \\/  ___)| |_)| | | | | || (_| |  ) ) ) )
  '  |____| .__|_| |_|_| |_\__, | / / / /
 =========|_|==============|___/=/_/_/_/
 :: Spring Boot ::                (v3.0.4)

2023-07-23T13:07:07.290+09:00  INFO 3194 --- [    Test worker] c.marathon.board.BoardApplicationTests   : Starting BoardApplicationTests using Java 17.0.6 with PID 3194 (started by jeonghokang in /Users/jeonghokang/IdeaProjects/marathon-project-board2)
2023-07-23T13:07:07.292+09:00  INFO 3194 --- [    Test worker] c.marathon.board.BoardApplicationTests   : No active profile set, falling back to 1 default profile: "default"
2023-07-23T13:07:08.662+09:00  INFO 3194 --- [    Test worker] .s.d.r.c.RepositoryConfigurationDelegate : Bootstrapping Spring Data JPA repositories in DEFAULT mode.
2023-07-23T13:07:08.773+09:00  INFO 3194 --- [    Test worker] .s.d.r.c.RepositoryConfigurationDelegate : Finished Spring Data repository scanning in 97 ms. Found 4 JPA repository interfaces.
2023-07-23T13:07:09.500+09:00  INFO 3194 --- [    Test worker] o.hibernate.jpa.internal.util.LogHelper  : HHH000204: Processing PersistenceUnitInfo [name: default]
2023-07-23T13:07:09.580+09:00  INFO 3194 --- [    Test worker] org.hibernate.Version                    : HHH000412: Hibernate ORM core version 6.1.7.Final
2023-07-23T13:07:09.928+09:00  INFO 3194 --- [    Test worker] com.zaxxer.hikari.HikariDataSource       : HikariPool-1 - Starting...
2023-07-23T13:07:10.212+09:00  INFO 3194 --- [    Test worker] com.zaxxer.hikari.pool.HikariPool        : HikariPool-1 - Added connection org.postgresql.jdbc.PgConnection@1115be8c
2023-07-23T13:07:10.214+09:00  INFO 3194 --- [    Test worker] com.zaxxer.hikari.HikariDataSource       : HikariPool-1 - Start completed.
2023-07-23T13:07:10.303+09:00  INFO 3194 --- [    Test worker] SQL dialect                              : HHH000400: Using dialect: org.hibernate.dialect.PostgreSQLDialect
Hibernate: 
    
    alter table if exists article 
       drop constraint if exists FK81hjxo20c0so6pxe8rjpjlhj4
Hibernate: 
    
    alter table if exists article_hashtag 
       drop constraint if exists FKe3ccvxb3rjbjyugsttrkpabma
Hibernate: 
    
    alter table if exists article_hashtag 
       drop constraint if exists FK4adimje6fx9kut67u6jd9c174
Hibernate: 
    
    alter table if exists article_comment 
       drop constraint if exists FKghmocqkgqs5tkmucf5putw64t
Hibernate: 
    
    alter table if exists article_comment 
       drop constraint if exists FK67dybe2dob8uvrr7fyicyb1no
Hibernate: 
    
    drop table if exists article cascade
Hibernate: 
    
    drop table if exists article_hashtag cascade
Hibernate: 
    
    drop table if exists article_comment cascade
Hibernate: 
    
    drop table if exists bible_candy cascade
Hibernate: 
    
    drop table if exists hashtag cascade
Hibernate: 
    
    drop table if exists user_account cascade
Hibernate: 
    
    create table article (
       id bigserial not null,
        created_at timestamp(6) not null,
        created_by varchar(100) not null,
        modified_at timestamp(6) not null,
        modified_by varchar(100) not null,
        content varchar(10000) not null,
        title varchar(255) not null,
        user_id varchar(50) not null,
        primary key (id)
    )
Hibernate: 
    
    create table article_hashtag (
       article_id bigint not null,
        hashtag_id bigint not null,
        primary key (article_id, hashtag_id)
    )
Hibernate: 
    
    create table article_comment (
       id bigserial not null,
        created_at timestamp(6) not null,
        created_by varchar(100) not null,
        modified_at timestamp(6) not null,
        modified_by varchar(100) not null,
        content varchar(500) not null,
        article_id bigint not null,
        user_id varchar(50) not null,
        primary key (id)
    )
Hibernate: 
    
    create table bible_candy (
       id bigserial not null,
        created_at timestamp(6) not null,
        created_by varchar(100) not null,
        modified_at timestamp(6) not null,
        modified_by varchar(100) not null,
        content varchar(255) not null,
        primary key (id)
    )
Hibernate: 
    
    create table hashtag (
       id bigserial not null,
        created_at timestamp(6) not null,
        created_by varchar(100) not null,
        modified_at timestamp(6) not null,
        modified_by varchar(100) not null,
        hashtag_name varchar(255) not null,
        primary key (id)
    )
Hibernate: 
    
    create table user_account (
       user_id varchar(50) not null,
        created_at timestamp(6) not null,
        created_by varchar(100) not null,
        modified_at timestamp(6) not null,
        modified_by varchar(100) not null,
        email varchar(100),
        memo varchar(255),
        nickname varchar(100),
        user_password varchar(255) not null,
        primary key (user_id)
    )
Hibernate: create index IDX571gx7oqo5xpmgocegaidlcu9 on article (title)
Hibernate: create index IDXrmt77yibijtk4sarremr67saa on article (created_at)
Hibernate: create index IDXjl4utii2etiocimt799wvtuvv on article (created_by)
Hibernate: create index IDXpieqqnljv147sefofs56h25qx on article_comment (content)
Hibernate: create index IDXh1jx107qecntcbcpc2vfb07ij on article_comment (created_at)
Hibernate: create index IDXc6pa61djuf2o8xnceyyvtdbaq on article_comment (created_by)
Hibernate: create index IDXqsw749049hk4qchgifri26i47 on hashtag (created_at)
Hibernate: create index IDX86k52tgc32cdprjluy33m0k2d on hashtag (created_by)
Hibernate: 
    
    alter table if exists hashtag 
       add constraint UKl5g14scs493ujoy0bh0slbp7a unique (hashtag_name)
Hibernate: create index IDXogja11wxoxigeh554wd4094xv on user_account (created_at)
Hibernate: create index IDX9twf822xbr2e0qcmnxueulgfw on user_account (created_by)
Hibernate: 
    
    alter table if exists user_account 
       add constraint UKhl02wv5hym99ys465woijmfib unique (email)
Hibernate: 
    
    alter table if exists article 
       add constraint FK81hjxo20c0so6pxe8rjpjlhj4 
       foreign key (user_id) 
       references user_account
Hibernate: 
    
    alter table if exists article_hashtag 
       add constraint FKe3ccvxb3rjbjyugsttrkpabma 
       foreign key (hashtag_id) 
       references hashtag
Hibernate: 
    
    alter table if exists article_hashtag 
       add constraint FK4adimje6fx9kut67u6jd9c174 
       foreign key (article_id) 
       references article
Hibernate: 
    
    alter table if exists article_comment 
       add constraint FKghmocqkgqs5tkmucf5putw64t 
       foreign key (article_id) 
       references article
Hibernate: 
    
    alter table if exists article_comment 
       add constraint FK67dybe2dob8uvrr7fyicyb1no 
       foreign key (user_id) 
       references user_account
2023-07-23T13:07:11.622+09:00  INFO 3194 --- [    Test worker] o.h.e.t.j.p.i.JtaPlatformInitiator       : HHH000490: Using JtaPlatform implementation: [org.hibernate.engine.transaction.jta.platform.internal.NoJtaPlatform]
2023-07-23T13:07:11.636+09:00  INFO 3194 --- [    Test worker] j.LocalContainerEntityManagerFactoryBean : Initialized JPA EntityManagerFactory for persistence unit 'default'
2023-07-23T13:07:13.071+09:00  INFO 3194 --- [    Test worker] o.s.b.a.w.s.WelcomePageHandlerMapping    : Adding welcome page template: index
2023-07-23T13:07:13.150+09:00 DEBUG 3194 --- [    Test worker] s.w.s.m.m.a.RequestMappingHandlerMapping : 13 mappings in 'requestMappingHandlerMapping'
2023-07-23T13:07:13.287+09:00 DEBUG 3194 --- [    Test worker] o.s.w.s.handler.SimpleUrlHandlerMapping  : Patterns [/webjars/**, /**, /api/explorer/**] in 'resourceHandlerMapping'
2023-07-23T13:07:13.623+09:00  INFO 3194 --- [    Test worker] o.s.b.a.e.web.EndpointLinksResolver      : Exposing 13 endpoint(s) beneath base path '/actuator'
2023-07-23T13:07:13.695+09:00  INFO 3194 --- [    Test worker] o.s.s.web.DefaultSecurityFilterChain     : Will secure any request with [org.springframework.security.web.session.DisableEncodeUrlFilter@6dae5562, org.springframework.security.web.context.request.async.WebAsyncManagerIntegrationFilter@1cc5d8a9, org.springframework.security.web.context.SecurityContextHolderFilter@6971f5f4, org.springframework.security.web.header.HeaderWriterFilter@5add0cc0, org.springframework.security.web.csrf.CsrfFilter@6aa7d7a0, org.springframework.security.web.authentication.logout.LogoutFilter@1444e35f, org.springframework.security.web.authentication.UsernamePasswordAuthenticationFilter@2e94655a, org.springframework.security.web.authentication.ui.DefaultLoginPageGeneratingFilter@2a4bee4e, org.springframework.security.web.authentication.ui.DefaultLogoutPageGeneratingFilter@4ec28534, org.springframework.security.web.savedrequest.RequestCacheAwareFilter@21143041, org.springframework.security.web.servletapi.SecurityContextHolderAwareRequestFilter@78907a46, org.springframework.security.web.authentication.AnonymousAuthenticationFilter@921dbcf, org.springframework.security.web.access.ExceptionTranslationFilter@23acd55e, org.springframework.security.web.access.intercept.AuthorizationFilter@547aa7f4]
2023-07-23T13:07:13.919+09:00 DEBUG 3194 --- [    Test worker] s.w.s.m.m.a.RequestMappingHandlerAdapter : ControllerAdvice beans: 0 @ModelAttribute, 0 @InitBinder, 1 RequestBodyAdvice, 1 ResponseBodyAdvice
2023-07-23T13:07:13.970+09:00 DEBUG 3194 --- [    Test worker] .m.m.a.ExceptionHandlerExceptionResolver : ControllerAdvice beans: 1 @ExceptionHandler, 1 ResponseBodyAdvice
2023-07-23T13:07:14.238+09:00  INFO 3194 --- [    Test worker] o.s.b.a.h2.H2ConsoleAutoConfiguration    : H2 console available at '/h2-console'. Database available at 'jdbc:postgresql://localhost:5432/board'
2023-07-23T13:07:14.472+09:00  INFO 3194 --- [    Test worker] c.marathon.board.BoardApplicationTests   : Started BoardApplicationTests in 7.612 seconds (process running for 9.298)
]]></system-out>
  <system-err><![CDATA[]]></system-err>
</testsuite>
